<?xml version="1.0" encoding="UTF-8"?>
<!-- Generated by org.testng.reporters.JUnitReportReporter -->
<testsuite hostname="LAPTOP-VFKJ2SC9" failures="0" tests="3" name="ABCD.AppTest3" time="0.014" errors="0" timestamp="2022-08-18T01:40:44 IST" skipped="0">
  <testcase classname="ABCD.AppTest3" name="carLoanlogin" time="0.003"/>
  <system-out/>
  <testcase classname="ABCD.AppTest3" name="carLoanlogout" time="0.002"/>
  <system-out/>
  <testcase classname="ABCD.AppTest3" name="carLoanHomepage" time="0.009"/>
  <system-out/>
</testsuite> <!-- ABCD.AppTest3 -->
