<?xml version="1.0" encoding="UTF-8"?>
<!-- Generated by org.testng.reporters.JUnitReportReporter -->
<testsuite hostname="LAPTOP-VFKJ2SC9" failures="0" tests="1" name="ABCD.AppTest" time="0.006" errors="0" timestamp="2022-08-18T01:40:44 IST" skipped="0">
  <testcase classname="ABCD.AppTest" name="shouldAnswerWithTrue" time="0.006"/>
  <system-out/>
</testsuite> <!-- ABCD.AppTest -->
