<?xml version="1.0" encoding="UTF-8"?>
<!-- Generated by org.testng.reporters.JUnitReportReporter -->
<testsuite hostname="LAPTOP-VFKJ2SC9" failures="0" tests="2" name="ABCD.AppTest2" time="0.017" errors="0" timestamp="2022-08-18T01:40:44 IST" skipped="0">
  <testcase classname="ABCD.AppTest2" name="homeLoanlogout" time="0.005"/>
  <system-out/>
  <testcase classname="ABCD.AppTest2" name="homeLoanHomePage" time="0.012"/>
  <system-out/>
</testsuite> <!-- ABCD.AppTest2 -->
